0 info it worked if it ends with ok
1 verbose cli [ 'C:\\Program Files\\nodejs\\node.exe',
1 verbose cli   'C:\\Program Files\\nodejs\\node_modules\\npm\\bin\\npm-cli.js',
1 verbose cli   'install',
1 verbose cli   'background-video' ]
2 info using npm@3.10.10
3 info using node@v6.11.5
4 silly loadCurrentTree Starting
5 silly install loadCurrentTree
6 silly install readLocalPackageData
7 silly fetchPackageMetaData background-video
8 silly fetchNamedPackageData background-video
9 silly mapToRegistry name background-video
10 silly mapToRegistry using default registry
11 silly mapToRegistry registry https://registry.npmjs.org/
12 silly mapToRegistry data Result {
12 silly mapToRegistry   raw: 'background-video',
12 silly mapToRegistry   scope: null,
12 silly mapToRegistry   escapedName: 'background-video',
12 silly mapToRegistry   name: 'background-video',
12 silly mapToRegistry   rawSpec: '',
12 silly mapToRegistry   spec: 'latest',
12 silly mapToRegistry   type: 'tag' }
13 silly mapToRegistry uri https://registry.npmjs.org/background-video
14 verbose request uri https://registry.npmjs.org/background-video
15 verbose request no auth needed
16 info attempt registry request try #1 at 12:10:15
17 verbose request id 1bb597b46bfe384d
18 verbose etag "5845a1e5-2055"
19 verbose lastModified Mon, 5 Dec 2016 17:20:37 GMT
20 http request GET https://registry.npmjs.org/background-video
21 http 304 https://registry.npmjs.org/background-video
22 verbose headers { date: 'Wed, 11 Apr 2018 11:10:17 GMT',
22 verbose headers   via: '1.1 varnish',
22 verbose headers   'cache-control': 'max-age=300',
22 verbose headers   etag: '"5845a1e5-2055"',
22 verbose headers   age: '3633',
22 verbose headers   connection: 'keep-alive',
22 verbose headers   'x-served-by': 'cache-ams4148-AMS',
22 verbose headers   'x-cache': 'HIT',
22 verbose headers   'x-cache-hits': '2',
22 verbose headers   'x-timer': 'S1523445017.277531,VS0,VE0',
22 verbose headers   vary: 'Accept-Encoding, Accept' }
23 silly get cb [ 304,
23 silly get   { date: 'Wed, 11 Apr 2018 11:10:17 GMT',
23 silly get     via: '1.1 varnish',
23 silly get     'cache-control': 'max-age=300',
23 silly get     etag: '"5845a1e5-2055"',
23 silly get     age: '3633',
23 silly get     connection: 'keep-alive',
23 silly get     'x-served-by': 'cache-ams4148-AMS',
23 silly get     'x-cache': 'HIT',
23 silly get     'x-cache-hits': '2',
23 silly get     'x-timer': 'S1523445017.277531,VS0,VE0',
23 silly get     vary: 'Accept-Encoding, Accept' } ]
24 verbose etag https://registry.npmjs.org/background-video from cache
25 verbose get saving background-video to C:\Users\migma\AppData\Roaming\npm-cache\registry.npmjs.org\background-video\.cache.json
26 verbose correctMkdir C:\Users\migma\AppData\Roaming\npm-cache correctMkdir not in flight; initializing
27 silly install normalizeTree
28 silly loadCurrentTree Finishing
29 silly loadIdealTree Starting
30 silly install loadIdealTree
31 silly cloneCurrentTree Starting
32 silly install cloneCurrentTreeToIdealTree
33 silly cloneCurrentTree Finishing
34 silly loadShrinkwrap Starting
35 silly install loadShrinkwrap
36 silly loadShrinkwrap Finishing
37 silly loadAllDepsIntoIdealTree Starting
38 silly install loadAllDepsIntoIdealTree
39 silly resolveWithNewModule background-video@2.0.1 checking installable status
40 silly cache add args [ 'background-video', null ]
41 verbose cache add spec background-video
42 silly cache add parsed spec Result {
42 silly cache add   raw: 'background-video',
42 silly cache add   scope: null,
42 silly cache add   escapedName: 'background-video',
42 silly cache add   name: 'background-video',
42 silly cache add   rawSpec: '',
42 silly cache add   spec: 'latest',
42 silly cache add   type: 'tag' }
43 silly addNamed background-video@latest
44 verbose addNamed "latest" is being treated as a dist-tag for background-video
45 info addNameTag [ 'background-video', 'latest' ]
46 silly mapToRegistry name background-video
47 silly mapToRegistry using default registry
48 silly mapToRegistry registry https://registry.npmjs.org/
49 silly mapToRegistry data Result {
49 silly mapToRegistry   raw: 'background-video',
49 silly mapToRegistry   scope: null,
49 silly mapToRegistry   escapedName: 'background-video',
49 silly mapToRegistry   name: 'background-video',
49 silly mapToRegistry   rawSpec: '',
49 silly mapToRegistry   spec: 'latest',
49 silly mapToRegistry   type: 'tag' }
50 silly mapToRegistry uri https://registry.npmjs.org/background-video
51 verbose addNameTag registry:https://registry.npmjs.org/background-video not in flight; fetching
52 verbose get https://registry.npmjs.org/background-video not expired, no request
53 silly addNameTag next cb for background-video with tag latest
54 silly addNamed background-video@2.0.1
55 verbose addNamed "2.0.1" is a plain semver version for background-video
56 silly mapToRegistry name background-video
57 silly mapToRegistry using default registry
58 silly mapToRegistry registry https://registry.npmjs.org/
59 silly mapToRegistry data Result {
59 silly mapToRegistry   raw: 'background-video',
59 silly mapToRegistry   scope: null,
59 silly mapToRegistry   escapedName: 'background-video',
59 silly mapToRegistry   name: 'background-video',
59 silly mapToRegistry   rawSpec: '',
59 silly mapToRegistry   spec: 'latest',
59 silly mapToRegistry   type: 'tag' }
60 silly mapToRegistry uri https://registry.npmjs.org/background-video
61 verbose addRemoteTarball https://registry.npmjs.org/background-video/-/background-video-2.0.1.tgz not in flight; adding
62 verbose addRemoteTarball [ 'https://registry.npmjs.org/background-video/-/background-video-2.0.1.tgz',
62 verbose addRemoteTarball   '5dc61dfbf4db577f389ae07fb32b3a8f4b7df127' ]
63 info retry fetch attempt 1 at 12:10:18
64 info attempt registry request try #1 at 12:10:18
65 http fetch GET https://registry.npmjs.org/background-video/-/background-video-2.0.1.tgz
66 http fetch 200 https://registry.npmjs.org/background-video/-/background-video-2.0.1.tgz
67 verbose stack Error: kill ENOSYS
67 verbose stack     at Object.exports._errnoException (util.js:1020:11)
67 verbose stack     at process.kill (internal/process.js:191:18)
67 verbose stack     at process.listener (C:\Program Files\nodejs\node_modules\npm\node_modules\npmlog\node_modules\gauge\node_modules\signal-exit\index.js:86:15)
67 verbose stack     at emitNone (events.js:91:20)
67 verbose stack     at process.emit (events.js:185:7)
67 verbose stack     at processEmit (C:\Program Files\nodejs\node_modules\npm\node_modules\npmlog\node_modules\gauge\node_modules\signal-exit\index.js:146:32)
67 verbose stack     at processEmit (C:\Program Files\nodejs\node_modules\npm\node_modules\npm-registry-client\node_modules\npmlog\node_modules\gauge\node_modules\signal-exit\index.js:146:32)
67 verbose stack     at Signal.wrap.onsignal (internal/process.js:217:44)
68 verbose cwd C:\Users\migma\Google Drive\Proyectos\Web Dev\Uptage2.0
69 error Windows_NT 10.0.16299
70 error argv "C:\\Program Files\\nodejs\\node.exe" "C:\\Program Files\\nodejs\\node_modules\\npm\\bin\\npm-cli.js" "install" "background-video"
71 error node v6.11.5
72 error npm  v3.10.10
73 error code ENOSYS
74 error errno ENOSYS
75 error syscall kill
76 error kill ENOSYS
77 error If you need help, you may report this error at:
77 error     <https://github.com/npm/npm/issues>
78 verbose exit [ 1, true ]
